2018.04.04 11:11:34 INFO  web[][o.s.p.ProcessEntryPoint] Starting web
2018.04.04 11:11:36 INFO  web[][o.a.t.u.n.NioSelectorPool] Using a shared selector for servlet write/read
2018.04.04 11:11:38 INFO  web[][o.e.p.PluginsService] no modules loaded
2018.04.04 11:11:38 INFO  web[][o.e.p.PluginsService] loaded plugin [org.elasticsearch.index.reindex.ReindexPlugin]
2018.04.04 11:11:38 INFO  web[][o.e.p.PluginsService] loaded plugin [org.elasticsearch.join.ParentJoinPlugin]
2018.04.04 11:11:38 INFO  web[][o.e.p.PluginsService] loaded plugin [org.elasticsearch.percolator.PercolatorPlugin]
2018.04.04 11:11:38 INFO  web[][o.e.p.PluginsService] loaded plugin [org.elasticsearch.transport.Netty4Plugin]
2018.04.04 11:11:39 INFO  web[][o.s.s.e.EsClientProvider] Connected to local Elasticsearch: [127.0.0.1:9001]
2018.04.04 11:11:39 INFO  web[][o.s.s.p.LogServerVersion] SonarQube Server / 6.7.2.37468 / e3ae3ad6546d35ab9eb7c244352a58eea0a2f124
2018.04.04 11:11:39 INFO  web[][o.sonar.db.Database] Create JDBC data source for jdbc:mysql://localhost:3306/sonar?useUnicode=true&characterEncoding=utf8
2018.04.04 11:11:39 ERROR web[][o.s.s.p.Platform] Web server startup failed
java.lang.IllegalStateException: Can not connect to database. Please check connectivity and settings (see the properties prefixed by 'sonar.jdbc.').
	at org.sonar.db.DefaultDatabase.checkConnection(DefaultDatabase.java:108)
	at org.sonar.db.DefaultDatabase.start(DefaultDatabase.java:75)
	at sun.reflect.NativeMethodAccessorImpl.invoke0(Native Method)
	at sun.reflect.NativeMethodAccessorImpl.invoke(NativeMethodAccessorImpl.java:62)
	at sun.reflect.DelegatingMethodAccessorImpl.invoke(DelegatingMethodAccessorImpl.java:43)
	at java.lang.reflect.Method.invoke(Method.java:498)
	at org.picocontainer.lifecycle.ReflectionLifecycleStrategy.invokeMethod(ReflectionLifecycleStrategy.java:110)
	at org.picocontainer.lifecycle.ReflectionLifecycleStrategy.start(ReflectionLifecycleStrategy.java:89)
	at org.picocontainer.injectors.AbstractInjectionFactory$LifecycleAdapter.start(AbstractInjectionFactory.java:84)
	at org.picocontainer.behaviors.AbstractBehavior.start(AbstractBehavior.java:169)
	at org.picocontainer.behaviors.Stored$RealComponentLifecycle.start(Stored.java:132)
	at org.picocontainer.behaviors.Stored.start(Stored.java:110)
	at org.picocontainer.DefaultPicoContainer.potentiallyStartAdapter(DefaultPicoContainer.java:1016)
	at org.picocontainer.DefaultPicoContainer.startAdapters(DefaultPicoContainer.java:1009)
	at org.picocontainer.DefaultPicoContainer.start(DefaultPicoContainer.java:767)
	at org.sonar.core.platform.ComponentContainer.startComponents(ComponentContainer.java:134)
	at org.sonar.server.platform.platformlevel.PlatformLevel.start(PlatformLevel.java:90)
	at org.sonar.server.platform.Platform.start(Platform.java:211)
	at org.sonar.server.platform.Platform.startLevel1Container(Platform.java:170)
	at org.sonar.server.platform.Platform.init(Platform.java:86)
	at org.sonar.server.platform.web.PlatformServletContextListener.contextInitialized(PlatformServletContextListener.java:45)
	at org.apache.catalina.core.StandardContext.listenerStart(StandardContext.java:4745)
	at org.apache.catalina.core.StandardContext.startInternal(StandardContext.java:5207)
	at org.apache.catalina.util.LifecycleBase.start(LifecycleBase.java:150)
	at org.apache.catalina.core.ContainerBase$StartChild.call(ContainerBase.java:1419)
	at org.apache.catalina.core.ContainerBase$StartChild.call(ContainerBase.java:1409)
	at java.util.concurrent.FutureTask.run(FutureTask.java:266)
	at java.util.concurrent.ThreadPoolExecutor.runWorker(ThreadPoolExecutor.java:1142)
	at java.util.concurrent.ThreadPoolExecutor$Worker.run(ThreadPoolExecutor.java:617)
	at java.lang.Thread.run(Thread.java:745)
Caused by: org.apache.commons.dbcp.SQLNestedException: Cannot create PoolableConnectionFactory (Communications link failure

The last packet sent successfully to the server was 0 milliseconds ago. The driver has not received any packets from the server.)
	at org.apache.commons.dbcp.BasicDataSource.createPoolableConnectionFactory(BasicDataSource.java:1549)
	at org.apache.commons.dbcp.BasicDataSource.createDataSource(BasicDataSource.java:1388)
	at org.apache.commons.dbcp.BasicDataSource.getConnection(BasicDataSource.java:1044)
	at org.sonar.db.profiling.NullConnectionInterceptor.getConnection(NullConnectionInterceptor.java:31)
	at org.sonar.db.profiling.ProfiledDataSource.getConnection(ProfiledDataSource.java:323)
	at org.sonar.db.DefaultDatabase.checkConnection(DefaultDatabase.java:106)
	... 29 common frames omitted
Caused by: com.mysql.jdbc.exceptions.jdbc4.CommunicationsException: Communications link failure

The last packet sent successfully to the server was 0 milliseconds ago. The driver has not received any packets from the server.
	at sun.reflect.NativeConstructorAccessorImpl.newInstance0(Native Method)
	at sun.reflect.NativeConstructorAccessorImpl.newInstance(NativeConstructorAccessorImpl.java:62)
	at sun.reflect.DelegatingConstructorAccessorImpl.newInstance(DelegatingConstructorAccessorImpl.java:45)
	at java.lang.reflect.Constructor.newInstance(Constructor.java:423)
	at com.mysql.jdbc.Util.handleNewInstance(Util.java:425)
	at com.mysql.jdbc.SQLError.createCommunicationsException(SQLError.java:989)
	at com.mysql.jdbc.MysqlIO.<init>(MysqlIO.java:341)
	at com.mysql.jdbc.ConnectionImpl.coreConnect(ConnectionImpl.java:2192)
	at com.mysql.jdbc.ConnectionImpl.connectOneTryOnly(ConnectionImpl.java:2225)
	at com.mysql.jdbc.ConnectionImpl.createNewIO(ConnectionImpl.java:2024)
	at com.mysql.jdbc.ConnectionImpl.<init>(ConnectionImpl.java:779)
	at com.mysql.jdbc.JDBC4Connection.<init>(JDBC4Connection.java:47)
	at sun.reflect.NativeConstructorAccessorImpl.newInstance0(Native Method)
	at sun.reflect.NativeConstructorAccessorImpl.newInstance(NativeConstructorAccessorImpl.java:62)
	at sun.reflect.DelegatingConstructorAccessorImpl.newInstance(DelegatingConstructorAccessorImpl.java:45)
	at java.lang.reflect.Constructor.newInstance(Constructor.java:423)
	at com.mysql.jdbc.Util.handleNewInstance(Util.java:425)
	at com.mysql.jdbc.ConnectionImpl.getInstance(ConnectionImpl.java:389)
	at com.mysql.jdbc.NonRegisteringDriver.connect(NonRegisteringDriver.java:330)
	at org.apache.commons.dbcp.DriverConnectionFactory.createConnection(DriverConnectionFactory.java:38)
	at org.apache.commons.dbcp.PoolableConnectionFactory.makeObject(PoolableConnectionFactory.java:582)
	at org.apache.commons.dbcp.BasicDataSource.validateConnectionFactory(BasicDataSource.java:1556)
	at org.apache.commons.dbcp.BasicDataSource.createPoolableConnectionFactory(BasicDataSource.java:1545)
	... 34 common frames omitted
Caused by: java.net.ConnectException: Connexion refusée
	at java.net.PlainSocketImpl.socketConnect(Native Method)
	at java.net.AbstractPlainSocketImpl.doConnect(AbstractPlainSocketImpl.java:350)
	at java.net.AbstractPlainSocketImpl.connectToAddress(AbstractPlainSocketImpl.java:206)
	at java.net.AbstractPlainSocketImpl.connect(AbstractPlainSocketImpl.java:188)
	at java.net.SocksSocketImpl.connect(SocksSocketImpl.java:392)
	at java.net.Socket.connect(Socket.java:589)
	at com.mysql.jdbc.StandardSocketFactory.connect(StandardSocketFactory.java:211)
	at com.mysql.jdbc.MysqlIO.<init>(MysqlIO.java:300)
	... 50 common frames omitted
